<?xml version="1.0" encoding="UTF-8"?>
<!-- Generated by org.testng.reporters.JUnitReportReporter -->
<testsuite skipped="0" hostname="DESKTOP-UL740PM" name="NewTest" tests="1" failures="0" timestamp="15 May 2017 11:48:19 GMT" time="0.057" errors="0">
  <testcase name="f" time="0.057" classname="NewTest"/>
</testsuite> <!-- NewTest -->
